# JRE version: OpenJDK Runtime Environment (8.0_202) (build 1.8.0_202-release-1483-b49-5587405)
# Java VM: OpenJDK 64-Bit Server VM (25.202-b49-5587405 mixed mode linux-amd64 compressed oops)
Heap:
 PSYoungGen      total 479232K, used 25045K [0x00000000e0000000, 0x0000000100000000, 0x0000000100000000)
  eden space 434176K, 0% used [0x00000000e0000000,0x00000000e0000000,0x00000000fa800000)
  from space 45056K, 55% used [0x00000000fa800000,0x00000000fc075490,0x00000000fd400000)
  to   space 44544K, 0% used [0x00000000fd480000,0x00000000fd480000,0x0000000100000000)
 ParOldGen       total 251392K, used 82588K [0x00000000a0000000, 0x00000000af580000, 0x00000000e0000000)
  object space 251392K, 32% used [0x00000000a0000000,0x00000000a50a7160,0x00000000af580000)
 Metaspace       used 94276K, capacity 98436K, committed 98496K, reserved 1134592K
  class space    used 11965K, capacity 12775K, committed 12800K, reserved 1048576K
GC Heap History (10 events):
Event: 61.025 GC heap after
Heap after GC invocations=14 (full 3):
 PSYoungGen      total 432640K, used 20468K [0x00000000e0000000, 0x0000000100000000, 0x0000000100000000)
  eden space 412160K, 0% used [0x00000000e0000000,0x00000000e0000000,0x00000000f9280000)
  from space 20480K, 99% used [0x00000000f9280000,0x00000000fa67d018,0x00000000fa680000)
  to   space 23040K, 0% used [0x00000000fe980000,0x00000000fe980000,0x0000000100000000)
 ParOldGen       total 251392K, used 40289K [0x00000000a0000000, 0x00000000af580000, 0x00000000e0000000)
  object space 251392K, 16% used [0x00000000a0000000,0x00000000a2758690,0x00000000af580000)
 Metaspace       used 69883K, capacity 72200K, committed 72448K, reserved 1112064K
  class space    used 9208K, capacity 9709K, committed 9728K, reserved 1048576K
}
Event: 76.324 GC heap before
{Heap before GC invocations=15 (full 3):
 PSYoungGen      total 432640K, used 432628K [0x00000000e0000000, 0x0000000100000000, 0x0000000100000000)
  eden space 412160K, 100% used [0x00000000e0000000,0x00000000f9280000,0x00000000f9280000)
  from space 20480K, 99% used [0x00000000f9280000,0x00000000fa67d018,0x00000000fa680000)
  to   space 23040K, 0% used [0x00000000fe980000,0x00000000fe980000,0x0000000100000000)
 ParOldGen       total 251392K, used 40289K [0x00000000a0000000, 0x00000000af580000, 0x00000000e0000000)
  object space 251392K, 16% used [0x00000000a0000000,0x00000000a2758690,0x00000000af580000)
 Metaspace       used 72431K, capacity 75340K, committed 75392K, reserved 1114112K
  class space    used 9466K, capacity 10063K, committed 10112K, reserved 1048576K
Event: 76.340 GC heap after
Heap after GC invocations=15 (full 3):
 PSYoungGen      total 486912K, used 23018K [0x00000000e0000000, 0x0000000100000000, 0x0000000100000000)
  eden space 463872K, 0% used [0x00000000e0000000,0x00000000e0000000,0x00000000fc500000)
  from space 23040K, 99% used [0x00000000fe980000,0x00000000ffffaae0,0x0000000100000000)
  to   space 30208K, 0% used [0x00000000fc500000,0x00000000fc500000,0x00000000fe280000)
 ParOldGen       total 251392K, used 51700K [0x00000000a0000000, 0x00000000af580000, 0x00000000e0000000)
  object space 251392K, 20% used [0x00000000a0000000,0x00000000a327d068,0x00000000af580000)
 Metaspace       used 72431K, capacity 75340K, committed 75392K, reserved 1114112K
  class space    used 9466K, capacity 10063K, committed 10112K, reserved 1048576K
}
Event: 96.528 GC heap before
{Heap before GC invocations=16 (full 3):
 PSYoungGen      total 486912K, used 486890K [0x00000000e0000000, 0x0000000100000000, 0x0000000100000000)
  eden space 463872K, 100% used [0x00000000e0000000,0x00000000fc500000,0x00000000fc500000)
  from space 23040K, 99% used [0x00000000fe980000,0x00000000ffffaae0,0x0000000100000000)
  to   space 30208K, 0% used [0x00000000fc500000,0x00000000fc500000,0x00000000fe280000)
 ParOldGen       total 251392K, used 51700K [0x00000000a0000000, 0x00000000af580000, 0x00000000e0000000)
  object space 251392K, 20% used [0x00000000a0000000,0x00000000a327d068,0x00000000af580000)
 Metaspace       used 83724K, capacity 87330K, committed 87424K, reserved 1126400K
  class space    used 10602K, capacity 11340K, committed 11392K, reserved 1048576K
Event: 96.547 GC heap after
Heap after GC invocations=16 (full 3):
 PSYoungGen      total 494080K, used 30206K [0x00000000e0000000, 0x0000000100000000, 0x0000000100000000)
  eden space 463872K, 0% used [0x00000000e0000000,0x00000000e0000000,0x00000000fc500000)
  from space 30208K, 99% used [0x00000000fc500000,0x00000000fe27f848,0x00000000fe280000)
  to   space 30208K, 0% used [0x00000000fe280000,0x00000000fe280000,0x0000000100000000)
 ParOldGen       total 251392K, used 64278K [0x00000000a0000000, 0x00000000af580000, 0x00000000e0000000)
  object space 251392K, 25% used [0x00000000a0000000,0x00000000a3ec5ae8,0x00000000af580000)
 Metaspace       used 83724K, capacity 87330K, committed 87424K, reserved 1126400K
  class space    used 10602K, capacity 11340K, committed 11392K, reserved 1048576K
}
Event: 100.010 GC heap before
{Heap before GC invocations=17 (full 3):
 PSYoungGen      total 494080K, used 494078K [0x00000000e0000000, 0x0000000100000000, 0x0000000100000000)
  eden space 463872K, 100% used [0x00000000e0000000,0x00000000fc500000,0x00000000fc500000)
  from space 30208K, 99% used [0x00000000fc500000,0x00000000fe27f848,0x00000000fe280000)
  to   space 30208K, 0% used [0x00000000fe280000,0x00000000fe280000,0x0000000100000000)
 ParOldGen       total 251392K, used 64278K [0x00000000a0000000, 0x00000000af580000, 0x00000000e0000000)
  object space 251392K, 25% used [0x00000000a0000000,0x00000000a3ec5ae8,0x00000000af580000)
 Metaspace       used 92026K, capacity 95808K, committed 95872K, reserved 1132544K
  class space    used 11618K, capacity 12369K, committed 12416K, reserved 1048576K
Event: 100.045 GC heap after
Heap after GC invocations=17 (full 3):
 PSYoungGen      total 464384K, used 30203K [0x00000000e0000000, 0x0000000100000000, 0x0000000100000000)
  eden space 434176K, 0% used [0x00000000e0000000,0x00000000e0000000,0x00000000fa800000)
  from space 30208K, 99% used [0x00000000fe280000,0x00000000ffffee78,0x0000000100000000)
  to   space 45056K, 0% used [0x00000000fa800000,0x00000000fa800000,0x00000000fd400000)
 ParOldGen       total 251392K, used 73714K [0x00000000a0000000, 0x00000000af580000, 0x00000000e0000000)
  object space 251392K, 29% used [0x00000000a0000000,0x00000000a47fcb50,0x00000000af580000)
 Metaspace       used 92026K, capacity 95808K, committed 95872K, reserved 1132544K
  class space    used 11618K, capacity 12369K, committed 12416K, reserved 1048576K
}
Event: 100.163 GC heap before
{Heap before GC invocations=18 (full 3):
 PSYoungGen      total 464384K, used 52174K [0x00000000e0000000, 0x0000000100000000, 0x0000000100000000)
  eden space 434176K, 5% used [0x00000000e0000000,0x00000000e1574c40,0x00000000fa800000)
  from space 30208K, 99% used [0x00000000fe280000,0x00000000ffffee78,0x0000000100000000)
  to   space 45056K, 0% used [0x00000000fa800000,0x00000000fa800000,0x00000000fd400000)
 ParOldGen       total 251392K, used 73714K [0x00000000a0000000, 0x00000000af580000, 0x00000000e0000000)
  object space 251392K, 29% used [0x00000000a0000000,0x00000000a47fcb50,0x00000000af580000)
 Metaspace       used 94276K, capacity 98436K, committed 98496K, reserved 1134592K
  class space    used 11965K, capacity 12775K, committed 12800K, reserved 1048576K
Event: 100.181 GC heap after
Heap after GC invocations=18 (full 3):
 PSYoungGen      total 479232K, used 25045K [0x00000000e0000000, 0x0000000100000000, 0x0000000100000000)
  eden space 434176K, 0% used [0x00000000e0000000,0x00000000e0000000,0x00000000fa800000)
  from space 45056K, 55% used [0x00000000fa800000,0x00000000fc075490,0x00000000fd400000)
  to   space 44544K, 0% used [0x00000000fd480000,0x00000000fd480000,0x0000000100000000)
 ParOldGen       total 251392K, used 82588K [0x00000000a0000000, 0x00000000af580000, 0x00000000e0000000)
  object space 251392K, 32% used [0x00000000a0000000,0x00000000a50a7160,0x00000000af580000)
 Metaspace       used 94276K, capacity 98436K, committed 98496K, reserved 1134592K
  class space    used 11965K, capacity 12775K, committed 12800K, reserved 1048576K
}
Event: 100.181 GC heap before
{Heap before GC invocations=19 (full 4):
 PSYoungGen      total 479232K, used 25045K [0x00000000e0000000, 0x0000000100000000, 0x0000000100000000)
  eden space 434176K, 0% used [0x00000000e0000000,0x00000000e0000000,0x00000000fa800000)
  from space 45056K, 55% used [0x00000000fa800000,0x00000000fc075490,0x00000000fd400000)
  to   space 44544K, 0% used [0x00000000fd480000,0x00000000fd480000,0x0000000100000000)
 ParOldGen       total 251392K, used 82588K [0x00000000a0000000, 0x00000000af580000, 0x00000000e0000000)
  object space 251392K, 32% used [0x00000000a0000000,0x00000000a50a7160,0x00000000af580000)
 Metaspace       used 94276K, capacity 98436K, committed 98496K, reserved 1134592K
  class space    used 11965K, capacity 12775K, committed 12800K, reserved 1048576K

